[    0.000000] Initializing cgroup subsys cpuset
[    0.000000] Initializing cgroup subsys cpu
[    0.000000] Initializing cgroup subsys cpuacct
[    0.000000] Linux version 4.4.0-98-generic (buildd@lcy01-03) (gcc version 5.4.0 20160609 (Ubuntu 5.4.0-6ubuntu1~16.04.4) ) #121-Ubuntu SMP Tue Oct 10 14:24:03 UTC 2017 (Ubuntu 4.4.0-98.121-generic 4.4.90)
[    0.000000] Command line: BOOT_IMAGE=/boot/vmlinuz-4.4.0-98-generic root=UUID=65859287-2d8f-4a3d-90d1-ad6d82c702ed ro console=tty1 console=ttyS0
[    0.000000] KERNEL supported cpus:
[    0.000000]   Intel GenuineIntel
[    0.000000]   AMD AuthenticAMD
[    0.000000]   Centaur CentaurHauls
[    0.000000] x86/fpu: xstate_offset[2]:  576, xstate_sizes[2]:  256
[    0.000000] x86/fpu: Supporting XSAVE feature 0x01: 'x87 floating point registers'
[    0.000000] x86/fpu: Supporting XSAVE feature 0x02: 'SSE registers'
[    0.000000] x86/fpu: Supporting XSAVE feature 0x04: 'AVX registers'
[    0.000000] x86/fpu: Enabled xstate features 0x7, context size is 832 bytes, using 'standard' format.
[    0.000000] x86/fpu: Using 'lazy' FPU context switches.
[    0.000000] e820: BIOS-provided physical RAM map:
[    0.000000] BIOS-e820: [mem 0x0000000000000000-0x000000000009fbff] usable
[    0.000000] BIOS-e820: [mem 0x000000000009fc00-0x000000000009ffff] reserved
[    0.000000] BIOS-e820: [mem 0x00000000000f0000-0x00000000000fffff] reserved
[    0.000000] BIOS-e820: [mem 0x0000000000100000-0x000000003ffeffff] usable
[    0.000000] BIOS-e820: [mem 0x000000003fff0000-0x000000003fffffff] ACPI data
[    0.000000] BIOS-e820: [mem 0x00000000fec00000-0x00000000fec00fff] reserved
[    0.000000] BIOS-e820: [mem 0x00000000fee00000-0x00000000fee00fff] reserved
[    0.000000] BIOS-e820: [mem 0x00000000fffc0000-0x00000000ffffffff] reserved
[    0.000000] NX (Execute Disable) protection: active
[    0.000000] SMBIOS 2.5 present.
[    0.000000] Hypervisor detected: KVM
[    0.000000] e820: last_pfn = 0x3fff0 max_arch_pfn = 0x400000000
[    0.000000] MTRR: Disabled
[    0.000000] x86/PAT: MTRRs disabled, skipping PAT initialization too.
[    0.000000] CPU MTRRs all blank - virtualized system.
[    0.000000] x86/PAT: Configuration [0-7]: WB  WT  UC- UC  WB  WT  UC- UC  
[    0.000000] found SMP MP-table at [mem 0x0009fff0-0x0009ffff] mapped at [ffff88000009fff0]
[    0.000000] Scanning 1 areas for low memory corruption
[    0.000000] RAMDISK: [mem 0x36232000-0x37110fff]
[    0.000000] ACPI: Early table checksum verification disabled
[    0.000000] ACPI: RSDP 0x00000000000E0000 000024 (v02 VBOX  )
[    0.000000] ACPI: XSDT 0x000000003FFF0030 00003C (v01 VBOX   VBOXXSDT 00000001 ASL  00000061)
[    0.000000] ACPI: FACP 0x000000003FFF00F0 0000F4 (v04 VBOX   VBOXFACP 00000001 ASL  00000061)
[    0.000000] ACPI: DSDT 0x000000003FFF0470 0021FF (v02 VBOX   VBOXBIOS 00000002 INTL 20100528)
[    0.000000] ACPI: FACS 0x000000003FFF0200 000040
[    0.000000] ACPI: FACS 0x000000003FFF0200 000040
[    0.000000] ACPI: APIC 0x000000003FFF0240 00005C (v02 VBOX   VBOXAPIC 00000001 ASL  00000061)
[    0.000000] ACPI: SSDT 0x000000003FFF02A0 0001CC (v01 VBOX   VBOXCPUT 00000002 INTL 20100528)
[    0.000000] No NUMA configuration found
[    0.000000] Faking a node at [mem 0x0000000000000000-0x000000003ffeffff]
[    0.000000] NODE_DATA(0) allocated [mem 0x3ffeb000-0x3ffeffff]
[    0.000000] kvm-clock: Using msrs 4b564d01 and 4b564d00
[    0.000000] kvm-clock: cpu 0, msr 0:3ffe3001, primary cpu clock
[    0.000000] kvm-clock: using sched offset of 3521067540 cycles
[    0.000000] clocksource: kvm-clock: mask: 0xffffffffffffffff max_cycles: 0x1cd42e4dffb, max_idle_ns: 881590591483 ns
[    0.000000] Zone ranges:
[    0.000000]   DMA      [mem 0x0000000000001000-0x0000000000ffffff]
[    0.000000]   DMA32    [mem 0x0000000001000000-0x000000003ffeffff]
[    0.000000]   Normal   empty
[    0.000000]   Device   empty
[    0.000000] Movable zone start for each node
[    0.000000] Early memory node ranges
[    0.000000]   node   0: [mem 0x0000000000001000-0x000000000009efff]
[    0.000000]   node   0: [mem 0x0000000000100000-0x000000003ffeffff]
[    0.000000] Initmem setup node 0 [mem 0x0000000000001000-0x000000003ffeffff]
[    0.000000] ACPI: PM-Timer IO Port: 0x4008
[    0.000000] IOAPIC[0]: apic_id 2, version 32, address 0xfec00000, GSI 0-23
[    0.000000] ACPI: INT_SRC_OVR (bus 0 bus_irq 0 global_irq 2 dfl dfl)
[    0.000000] ACPI: INT_SRC_OVR (bus 0 bus_irq 9 global_irq 9 high level)
[    0.000000] Using ACPI (MADT) for SMP configuration information
[    0.000000] smpboot: Allowing 2 CPUs, 0 hotplug CPUs
[    0.000000] PM: Registered nosave memory: [mem 0x00000000-0x00000fff]
[    0.000000] PM: Registered nosave memory: [mem 0x0009f000-0x0009ffff]
[    0.000000] PM: Registered nosave memory: [mem 0x000a0000-0x000effff]
[    0.000000] PM: Registered nosave memory: [mem 0x000f0000-0x000fffff]
[    0.000000] e820: [mem 0x40000000-0xfebfffff] available for PCI devices
[    0.000000] Booting paravirtualized kernel on KVM
[    0.000000] clocksource: refined-jiffies: mask: 0xffffffff max_cycles: 0xffffffff, max_idle_ns: 7645519600211568 ns
[    0.000000] setup_percpu: NR_CPUS:512 nr_cpumask_bits:512 nr_cpu_ids:2 nr_node_ids:1
[    0.000000] PERCPU: Embedded 34 pages/cpu @ffff88003fc00000 s98328 r8192 d32744 u1048576
[    0.000000] PV qspinlock hash table entries: 256 (order: 0, 4096 bytes)
[    0.000000] Built 1 zonelists in Node order, mobility grouping on.  Total pages: 257913
[    0.000000] Policy zone: DMA32
[    0.000000] Kernel command line: BOOT_IMAGE=/boot/vmlinuz-4.4.0-98-generic root=UUID=65859287-2d8f-4a3d-90d1-ad6d82c702ed ro console=tty1 console=ttyS0
[    0.000000] PID hash table entries: 4096 (order: 3, 32768 bytes)
[    0.000000] Memory: 997336K/1048120K available (8484K kernel code, 1294K rwdata, 3988K rodata, 1492K init, 1316K bss, 50784K reserved, 0K cma-reserved)
[    0.000000] SLUB: HWalign=64, Order=0-3, MinObjects=0, CPUs=2, Nodes=1
[    0.000000] Hierarchical RCU implementation.
[    0.000000] 	Build-time adjustment of leaf fanout to 64.
[    0.000000] 	RCU restricting CPUs from NR_CPUS=512 to nr_cpu_ids=2.
[    0.000000] RCU: Adjusting geometry for rcu_fanout_leaf=64, nr_cpu_ids=2
[    0.000000] NR_IRQS:33024 nr_irqs:440 16
[    0.000000] Console: colour VGA+ 80x25
[    0.000000] console [tty1] enabled
[    0.000000] console [ttyS0] enabled
[    0.000000] tsc: Detected 2294.796 MHz processor
[    1.050348] Calibrating delay loop (skipped) preset value.. 4589.59 BogoMIPS (lpj=9179184)
[    1.054379] pid_max: default: 32768 minimum: 301
[    1.055643] ACPI: Core revision 20150930
[    1.060318] ACPI: 2 ACPI AML tables successfully acquired and loaded
[    1.062216] Security Framework initialized
[    1.063378] Yama: becoming mindful.
[    1.064404] AppArmor: AppArmor initialized
[    1.065694] Dentry cache hash table entries: 131072 (order: 8, 1048576 bytes)
[    1.067641] Inode-cache hash table entries: 65536 (order: 7, 524288 bytes)
[    1.069908] Mount-cache hash table entries: 2048 (order: 2, 16384 bytes)
[    1.079231] Mountpoint-cache hash table entries: 2048 (order: 2, 16384 bytes)
[    1.081141] Initializing cgroup subsys io
[    1.082351] Initializing cgroup subsys memory
[    1.100982] Initializing cgroup subsys devices
[    1.102259] Initializing cgroup subsys freezer
[    1.103466] Initializing cgroup subsys net_cls
[    1.104675] Initializing cgroup subsys perf_event
[    1.105996] Initializing cgroup subsys net_prio
[    1.107405] Initializing cgroup subsys hugetlb
[    1.109043] Initializing cgroup subsys pids
[    1.116894] CPU: Physical Processor ID: 0
[    1.118018] CPU: Processor Core ID: 0
[    1.119099] mce: CPU supports 0 MCE banks
[    1.123645] Last level iTLB entries: 4KB 512, 2MB 8, 4MB 8
[    1.125072] Last level dTLB entries: 4KB 512, 2MB 32, 4MB 32, 1GB 0
[    1.129468] Freeing SMP alternatives memory: 32K
[    1.210502] ftrace: allocating 32154 entries in 126 pages
[    1.292433] smpboot: APIC(0) Converting physical 0 to logical package 0
[    1.305723] smpboot: Max logical packages: 1
[    1.319419] x2apic enabled
[    1.320626] Switched APIC routing to physical x2apic.
[    1.323509] ..TIMER: vector=0x30 apic1=0 pin1=2 apic2=-1 pin2=-1
[    1.433254] smpboot: CPU0: Intel(R) Core(TM) i3-2350M CPU @ 2.30GHz (family: 0x6, model: 0x2a, stepping: 0x7)
[    1.447236] Performance Events: unsupported p6 CPU model 42 no PMU driver, software events only.
[    1.449790] KVM setup paravirtual spinlock
[    1.451767] x86: Booting SMP configuration:
[    1.452939] .... node  #0, CPUs:      #1
[    1.456187] kvm-clock: cpu 1, msr 0:3ffe3041, secondary cpu clock
[    1.463666] mce: CPU supports 0 MCE banks
[    1.466683] x86: Booted up 1 node, 2 CPUs
[    1.476588] smpboot: Total of 2 processors activated (9179.18 BogoMIPS)
[    1.478861] devtmpfs: initialized
[    1.504801] evm: security.selinux
[    1.505927] evm: security.SMACK64
[    1.519638] evm: security.SMACK64EXEC
[    1.534565] evm: security.SMACK64TRANSMUTE
[    1.535715] evm: security.SMACK64MMAP
[    1.536763] evm: security.ima
[    1.537674] evm: security.capability
[    1.542051] clocksource: jiffies: mask: 0xffffffff max_cycles: 0xffffffff, max_idle_ns: 7645041785100000 ns
[    1.553066] futex hash table entries: 512 (order: 3, 32768 bytes)
[    1.554690] pinctrl core: initialized pinctrl subsystem
[    1.556248] RTC time: 17:02:42, date: 11/14/17
[    1.558113] NET: Registered protocol family 16
[    1.574596] cpuidle: using governor ladder
[    1.614253] cpuidle: using governor menu
[    1.617180] PCCT header not found.
[    1.618310] ACPI: bus type PCI registered
[    1.629800] acpiphp: ACPI Hot Plug PCI Controller Driver version: 0.5
[    1.631660] PCI: Using configuration type 1 for base access
[    1.646396] ACPI: Added _OSI(Module Device)
[    1.660304] ACPI: Added _OSI(Processor Device)
[    1.661548] ACPI: Added _OSI(3.0 _SCP Extensions)
[    1.662834] ACPI: Added _OSI(Processor Aggregator Device)
[    1.665200] ACPI: Executed 1 blocks of module-level executable AML code
[    1.669391] ACPI: Interpreter enabled
[    1.670457] ACPI: (supports S0 S5)
[    1.671466] ACPI: Using IOAPIC for interrupt routing
[    1.697086] PCI: Using host bridge windows from ACPI; if necessary, use "pci=nocrs" and report a bug
[    1.707784] ACPI: PCI Root Bridge [PCI0] (domain 0000 [bus 00-ff])
[    1.748736] acpi PNP0A03:00: _OSC: OS supports [ASPM ClockPM Segments MSI]
[    1.750508] acpi PNP0A03:00: _OSC: not requesting OS control; OS requires [ExtendedConfig ASPM ClockPM MSI]
[    1.753012] acpi PNP0A03:00: fail to add MMCONFIG information, can't access extended PCI configuration space under this bridge.
[    1.756426] PCI host bridge to bus 0000:00
[    1.764379] pci_bus 0000:00: root bus resource [io  0x0000-0x0cf7 window]
[    1.766183] pci_bus 0000:00: root bus resource [io  0x0d00-0xffff window]
[    1.767860] pci_bus 0000:00: root bus resource [mem 0x000a0000-0x000bffff window]
[    1.770142] pci_bus 0000:00: root bus resource [mem 0x40000000-0xffdfffff window]
[    1.772362] pci_bus 0000:00: root bus resource [bus 00-ff]
[    1.818903] pci 0000:00:01.1: legacy IDE quirk: reg 0x10: [io  0x01f0-0x01f7]
[    1.824505] pci 0000:00:01.1: legacy IDE quirk: reg 0x14: [io  0x03f6]
[    1.826137] pci 0000:00:01.1: legacy IDE quirk: reg 0x18: [io  0x0170-0x0177]
[    1.827895] pci 0000:00:01.1: legacy IDE quirk: reg 0x1c: [io  0x0376]
[    1.850899] pci 0000:00:07.0: quirk: [io  0x4000-0x403f] claimed by PIIX4 ACPI
[    1.936928] pci 0000:00:07.0: quirk: [io  0x4100-0x410f] claimed by PIIX4 SMB
[    1.954586] ACPI: PCI Interrupt Link [LNKA] (IRQs 5 9 10 *11)
[    2.044641] ACPI: PCI Interrupt Link [LNKB] (IRQs 5 9 10 *11)
[    2.054096] ACPI: PCI Interrupt Link [LNKC] (IRQs 5 9 *10 11)
[    2.068986] ACPI: PCI Interrupt Link [LNKD] (IRQs 5 *9 10 11)
[    2.072701] ACPI: Enabled 2 GPEs in block 00 to 07
[    2.079585] vgaarb: setting as boot device: PCI:0000:00:02.0
[    2.081425] vgaarb: device added: PCI:0000:00:02.0,decodes=io+mem,owns=io+mem,locks=none
[    2.095621] vgaarb: loaded
[    2.105660] vgaarb: bridge control possible 0000:00:02.0
[    2.126544] SCSI subsystem initialized
[    2.129737] ACPI: bus type USB registered
[    2.139547] usbcore: registered new interface driver usbfs
[    2.146654] usbcore: registered new interface driver hub
[    2.148038] usbcore: registered new device driver usb
[    2.150068] PCI: Using ACPI for IRQ routing
[    2.154263] NetLabel: Initializing
[    2.158278] NetLabel:  domain hash size = 128
[    2.159469] NetLabel:  protocols = UNLABELED CIPSOv4
[    2.160769] NetLabel:  unlabeled traffic allowed by default
[    2.162387] amd_nb: Cannot enumerate AMD northbridges
[    2.163770] clocksource: Switched to clocksource kvm-clock
[    2.173265] AppArmor: AppArmor Filesystem Enabled
[    2.187886] pnp: PnP ACPI init
[    2.192343] pnp: PnP ACPI: found 3 devices
[    2.203567] clocksource: acpi_pm: mask: 0xffffff max_cycles: 0xffffff, max_idle_ns: 2085701024 ns
[    2.236890] NET: Registered protocol family 2
[    2.238369] TCP established hash table entries: 8192 (order: 4, 65536 bytes)
[    2.412379] TCP bind hash table entries: 8192 (order: 5, 131072 bytes)
[    2.414069] TCP: Hash tables configured (established 8192 bind 8192)
[    2.421899] UDP hash table entries: 512 (order: 2, 16384 bytes)
[    2.551434] UDP-Lite hash table entries: 512 (order: 2, 16384 bytes)
[    2.701065] NET: Registered protocol family 1
[    2.702266] pci 0000:00:00.0: Limiting direct PCI/PCI transfers
[    2.703948] pci 0000:00:01.0: Activating ISA DMA hang workarounds
[    2.710399] Unpacking initramfs...
[    3.025941] Freeing initrd memory: 15228K
[    3.038063] RAPL PMU detected, API unit is 2^-32 Joules, 3 fixed counters 10737418240 ms ovfl timer
[    3.040690] hw unit of domain pp0-core 2^-0 Joules
[    3.042003] hw unit of domain package 2^-0 Joules
[    3.043249] hw unit of domain pp1-gpu 2^-0 Joules
[    3.044757] platform rtc_cmos: registered platform RTC device (no PNP device found)
[    3.046927] Scanning for low memory corruption every 60 seconds
[    3.048896] audit: initializing netlink subsys (disabled)
[    3.050308] audit: type=2000 audit(1510678966.466:1): initialized
[    3.052635] Initialise system trusted keyring
[    3.063745] HugeTLB registered 2 MB page size, pre-allocated 0 pages
[    3.067141] zbud: loaded
[    3.068284] VFS: Disk quotas dquot_6.6.0
[    3.071133] VFS: Dquot-cache hash table entries: 512 (order 0, 4096 bytes)
[    3.076291] squashfs: version 4.0 (2009/01/31) Phillip Lougher
[    3.125194] fuse init (API version 7.23)
[    3.135266] Key type big_key registered
[    3.137080] Allocating IMA MOK and blacklist keyrings.
[    3.140968] Key type asymmetric registered
[    3.146305] Asymmetric key parser 'x509' registered
[    3.149803] Block layer SCSI generic (bsg) driver version 0.4 loaded (major 249)
[    3.152464] io scheduler noop registered
[    3.154168] io scheduler deadline registered (default)
[    3.157741] io scheduler cfq registered
[    3.162466] pci_hotplug: PCI Hot Plug PCI Core version: 0.5
[    3.164359] pciehp: PCI Express Hot Plug Controller Driver version: 0.4
[    3.166972] ACPI: AC Adapter [AC] (on-line)
[    3.170018] input: Power Button as /devices/LNXSYSTM:00/LNXPWRBN:00/input/input0
[    3.173900] ACPI: Power Button [PWRF]
[    3.183594] input: Sleep Button as /devices/LNXSYSTM:00/LNXSLPBN:00/input/input1
[    3.186203] ACPI: Sleep Button [SLPF]
[    3.188690] ACPI: Battery Slot [BAT0] (battery present)
[    3.200373] GHES: HEST is not enabled!
[    3.202910] Serial: 8250/16550 driver, 32 ports, IRQ sharing enabled
[    3.227959] 00:02: ttyS0 at I/O 0x3f8 (irq = 4, base_baud = 115200) is a 16550A
[    3.232617] Linux agpgart interface v0.103
[    3.237645] loop: module loaded
[    3.242821] scsi host0: ata_piix
[    3.244013] scsi host1: ata_piix
[    3.245113] ata1: PATA max UDMA/33 cmd 0x1f0 ctl 0x3f6 bmdma 0xd000 irq 14
[    3.247019] ata2: PATA max UDMA/33 cmd 0x170 ctl 0x376 bmdma 0xd008 irq 15
[    3.248809] libphy: Fixed MDIO Bus: probed
[    3.250189] tun: Universal TUN/TAP device driver, 1.6
[    3.257842] tun: (C) 1999-2004 Max Krasnyansky <maxk@qualcomm.com>
[    3.259474] PPP generic driver version 2.4.2
[    3.260778] ehci_hcd: USB 2.0 'Enhanced' Host Controller (EHCI) Driver
[    3.262411] ehci-pci: EHCI PCI platform driver
[    3.263716] ehci-platform: EHCI generic platform driver
[    3.265155] ohci_hcd: USB 1.1 'Open' Host Controller (OHCI) Driver
[    3.266709] ohci-pci: OHCI PCI platform driver
[    3.267935] ohci-platform: OHCI generic platform driver
[    3.269349] uhci_hcd: USB Universal Host Controller Interface driver
[    3.270989] i8042: PNP: PS/2 Controller [PNP0303:PS2K,PNP0f03:PS2M] at 0x60,0x64 irq 1,12
[    3.281109] serio: i8042 KBD port at 0x60,0x64 irq 1
[    3.282413] serio: i8042 AUX port at 0x60,0x64 irq 12
[    3.283874] mousedev: PS/2 mouse device common for all mice
[    3.286000] input: AT Translated Set 2 keyboard as /devices/platform/i8042/serio0/input/input2
[    3.288366] rtc_cmos rtc_cmos: rtc core: registered rtc_cmos as rtc0
[    3.298400] rtc_cmos rtc_cmos: alarms up to one day, 114 bytes nvram
[    3.312682] i2c /dev entries driver
[    3.314023] device-mapper: uevent: version 1.0.3
[    3.315709] device-mapper: ioctl: 4.34.0-ioctl (2015-10-28) initialised: dm-devel@redhat.com
[    3.340110] ledtrig-cpu: registered to indicate activity on CPUs
[    3.409097] NET: Registered protocol family 10
[    3.474512] NET: Registered protocol family 17
[    3.505834] Key type dns_resolver registered
[    3.507240] microcode: CPU0 sig=0x206a7, pf=0x10, revision=0x0
[    3.509094] microcode: CPU1 sig=0x206a7, pf=0x10, revision=0x0
[    3.510619] microcode: Microcode Update Driver: v2.01 <tigran@aivazian.fsnet.co.uk>, Peter Oruba
[    3.513164] registered taskstats version 1
[    3.514332] Loading compiled-in X.509 certificates
[    3.516689] Loaded X.509 cert 'Build time autogenerated kernel key: 7431eaeda5a51458aeb00f8de0f18f89e178d882'
[    3.522199] zswap: loaded using pool lzo/zbud
[    3.525894] Key type trusted registered
[    3.553956] Key type encrypted registered
[    3.556623] AppArmor: AppArmor sha1 policy hashing enabled
[    3.558033] ima: No TPM chip found, activating TPM-bypass!
[    3.559470] evm: HMAC attrs: 0x1
[    3.560970]   Magic number: 9:846:36
[    3.562040] bdi 7:1: hash matches
[    3.563050] misc loop-control: hash matches
[    3.564355] rtc_cmos rtc_cmos: setting system clock to 2017-11-14 17:02:44 UTC (1510678964)
[    3.566744] BIOS EDD facility v0.16 2004-Jun-25, 0 devices found
[    3.568322] EDD information not available.
[    3.571426] Freeing unused kernel memory: 1492K
[    3.573838] Write protecting the kernel read-only data: 14336k
[    3.576012] Freeing unused kernel memory: 1744K
[    3.579118] Freeing unused kernel memory: 108K
Loading, please [    3.595320] random: systemd-udevd: uninitialized urandom read (16 bytes read, 2 bits of entropy available)
wait...
starting version 229
[    3.596006] random: udevadm: uninitialized urandom read (16 bytes read, 2 bits of entropy available)
[    3.596029] random: udevadm: uninitialized urandom read (16 bytes read, 2 bits of entropy available)
[    3.605034] random: udevadm: uninitialized urandom read (16 bytes read, 2 bits of entropy available)
[    3.605078] random: udevadm: uninitialized urandom read (16 bytes read, 2 bits of entropy available)
[    3.605220] random: udevadm: uninitialized urandom read (16 bytes read, 2 bits of entropy available)
[    3.605334] random: udevadm: uninitialized urandom read (16 bytes read, 2 bits of entropy available)
[    3.605393] random: udevadm: uninitialized urandom read (16 bytes read, 2 bits of entropy available)
[    3.605450] random: udevadm: uninitialized urandom read (16 bytes read, 2 bits of entropy available)
[    3.605505] random: udevadm: uninitialized urandom read (16 bytes read, 2 bits of entropy available)
[    3.783191] e1000: Intel(R) PRO/1000 Network Driver - version 7.3.21-k8-NAPI
[    3.786856] e1000: Copyright (c) 1999-2006 Intel Corporation.
[    3.795487] Fusion MPT base driver 3.04.20
[    3.797490] Copyright (c) 1999-2008 LSI Corporation
[    3.811375] Fusion MPT SPI Host driver 3.04.20
[    3.997591] input: ImExPS/2 Generic Explorer Mouse as /devices/platform/i8042/serio1/input/input4
[    4.047901] tsc: Refined TSC clocksource calibration: 2296.309 MHz
[    4.134516] clocksource: tsc: mask: 0xffffffffffffffff max_cycles: 0x211996422c5, max_idle_ns: 440795247318 ns
[    4.338763] e1000 0000:00:03.0 eth0: (PCI:33MHz:32-bit) 02:38:d9:e9:00:d8
[    4.405805] e1000 0000:00:03.0 eth0: Intel(R) PRO/1000 Network Connection
[    4.810689] e1000 0000:00:08.0 eth1: (PCI:33MHz:32-bit) 08:00:27:90:1b:5b
[    4.914869] e1000 0000:00:08.0 eth1: Intel(R) PRO/1000 Network Connection
[    4.932022] mptbase: ioc0: Initiating bringup
[    4.932407] e1000 0000:00:08.0 enp0s8: renamed from eth1
[    4.949005] e1000 0000:00:03.0 enp0s3: renamed from eth0
[    5.104658] ioc0: LSI53C1030 A0: Capabilities={Initiator}
[    5.372471] scsi host2: ioc0: LSI53C1030 A0, FwRev=00000000h, Ports=1, MaxQ=256, IRQ=20
[    5.493306] scsi 2:0:0:0: Direct-Access     VBOX     HARDDISK         1.0  PQ: 0 ANSI: 5
[    5.499329] scsi target2:0:0: Beginning Domain Validation
[    5.536240] scsi target2:0:0: Domain Validation skipping write tests
[    5.552522] scsi target2:0:0: Ending Domain Validation
[    5.557449] scsi target2:0:0: asynchronous
[    5.559053] scsi 2:0:1:0: Direct-Access     VBOX     HARDDISK         1.0  PQ: 0 ANSI: 5
[    5.561330] scsi target2:0:1: Beginning Domain Validation
[    5.564592] scsi target2:0:1: Domain Validation skipping write tests
[    5.570551] scsi target2:0:1: Ending Domain Validation
[    5.571982] scsi target2:0:1: asynchronous
[    5.580351] sd 2:0:0:0: [sda] 20971520 512-byte logical blocks: (10.7 GB/10.0 GiB)
[    5.586496] sd 2:0:0:0: [sda] Write Protect is off
[    5.587796] sd 2:0:0:0: Attached scsi generic sg0 type 0
[    5.608386] sd 2:0:0:0: [sda] Incomplete mode parameter data
[    5.623632] sd 2:0:0:0: [sda] Assuming drive cache: write through
[    5.624265] sd 2:0:1:0: Attached scsi generic sg1 type 0
[    5.678087] sd 2:0:1:0: [sdb] 20480 512-byte logical blocks: (10.5 MB/10.0 MiB)
[    5.680774] sd 2:0:1:0: [sdb] Write Protect is off
[    5.681478]  sda: sda1
[    5.685307] sd 2:0:1:0: [sdb] Incomplete mode parameter data
[    5.685450] sd 2:0:0:0: [sda] Attached SCSI disk
[    5.688292] sd 2:0:1:0: [sdb] Assuming drive cache: write through
[    5.693833] sd 2:0:1:0: [sdb] Attached SCSI disk
[    6.800112] floppy0: no floppy controllers found
Begin: Loading e[    8.415703] md: linear personality registered for level -1
ssential drivers ... [    8.489410] md: multipath personality registered for level -4
[    8.497600] md: raid0 personality registered for level 0
[    8.509581] md: raid1 personality registered for level 1
[    8.588154] raid6: sse2x1   gen()  5894 MB/s
[    8.728324] raid6: sse2x1   xor()  4030 MB/s
[    8.800049] raid6: sse2x2   gen()  6842 MB/s
[    8.871803] raid6: sse2x2   xor()  5296 MB/s
[    8.944108] raid6: sse2x4   gen()  8490 MB/s
[    9.019839] raid6: sse2x4   xor()  6281 MB/s
[    9.064771] raid6: using algorithm sse2x4 gen() 8490 MB/s
[    9.084986] raid6: .... xor() 6281 MB/s, rmw enabled
[    9.086306] raid6: using ssse3x2 recovery algorithm
[    9.089723] xor: automatically using best checksumming function:
[    9.140402]    avx       : 14769.000 MB/sec
[    9.203368] async_tx: api initialized (async)
[    9.222012] md: raid6 personality registered for level 6
[    9.231098] md: raid5 personality registered for level 5
[    9.232777] md: raid4 personality registered for level 4
[    9.241208] md: raid10 personality registered for level 10
done.
Begin: Running /scripts/init-premount ... done.
Begin: Mounting root file system ... Begin: Running /scripts/local-top ... done.
Begin: Running /scripts/local-premount ... [    9.349305] Btrfs loaded
Scanning for Btrfs filesystems
done.
Warning: fsck no[    9.433474] EXT4-fs (sda1): mounted filesystem with ordered data mode. Opts: (null)
t present, so skipping root file system
done.
Begin: Running /scripts/local-bottom ... done.
Begin: Running /scripts/init-bottom ... done.
[    9.698548] systemd[1]: systemd 229 running in system mode. (+PAM +AUDIT +SELINUX +IMA +APPARMOR +SMACK +SYSVINIT +UTMP +LIBCRYPTSETUP +GCRYPT +GNUTLS +ACL +XZ -LZ4 +SECCOMP +BLKID +ELFUTILS +KMOD -IDN)
[    9.780400] systemd[1]: Detected virtualization oracle.
[    9.783812] systemd[1]: Detected architecture x86-64.

Welcome to [1mUbuntu 16.04.3 LTS[0m!

[    9.801273] systemd[1]: Set hostname to <ubuntu-xenial>.
[    9.973884] systemd[1]: Listening on udev Control Socket.
[[0;32m  OK  [0m] Listening on udev Control Socket.
[   10.040924] systemd[1]: Listening on Journal Socket.
[[0;32m  OK  [0m] Listening on Journal Socket.
[   10.076612] systemd[1]: Listening on Journal Socket (/dev/log).
[[0;32m  OK  [0m] Listening on Journal Socket (/dev/log).
[   10.205282] systemd[1]: Listening on LVM2 metadata daemon socket.
[[0;32m  OK  [0m] Listening on LVM2 metadata daemon socket.
[   10.304952] systemd[1]: Listening on Syslog Socket.
[[0;32m  OK  [0m] Listening on Syslog Socket.
[   10.386420] systemd[1]: Started Forward Password Requests to Wall Directory Watch.
[[0;32m  OK  [0m] Started Forward Password Requests to Wall Directory Watch.
[   10.577443] systemd[1]: Listening on VM2 poll daemon socket.
[[0;32m  OK  [0m] Listening on LVM2 poll daemon socket.
[   10.711308] systemd[1]: Reached target User and Group Name Lookups.
[[0;32m  OK  [0m] Reached target User and Group Name Lookups.
[   10.742627] systemd[1]: Created slice User and Session Slice.
[[0;32m  OK  [0m] Created slice User and Session Slice.
[   10.755219] systemd[1]: Reached target Encrypted Volumes.
[[0;32m  OK  [0m] Reached target Encrypted Volumes.
[   10.772527] systemd[1]: Reached target Swap.
[[0;32m  OK  [0m] Reached target Swap.
[   10.857485] systemd[1]: Listening on Journal Audit Socket.
[[0;32m  OK  [0m] Listening on Journal Audit Socket.
[   10.893369] systemd[1]: Set up automount Arbitrary Executable File Formats File System Automount Point.
[[0;32m  OK  [0m] Set up automount Arbitrary Executab...ats File System Automount Point.
[   10.925316] systemd[1]: Listening on udev Kernel Socket.
[[0;32m  OK  [0m] Listening on udev Kernel Socket.
[   10.941492] systemd[1]: Started Trigger resolvconf update for networkd DNS.
[[0;32m  OK  [0m] Started Trigger resolvconf update for networkd DNS.
[   10.988878] systemd[1]: Listening on Device-mapper event daemon FIFOs.
[[0;32m  OK  [0m] Listening on Device-mapper event daemon FIFOs.
[   11.015787] systemd[1]: Created slice System Slice.
[[0;32m  OK  [0m] Created slice System Slice.
[   11.036629] systemd[1]: Starting Nameserver information manager...
         Starting Nameserver information manager...
[   11.188236] systemd[1]: Mounting POSIX Message Queue File System...
         Mounting POSIX Message Queue File System...
[   11.272660] systemd[1]: Mounting Debug File System...
         Mounting Debug File System...
[   11.291211] systemd[1]: Starting Remount Root and Kernel File Systems...
[   11.300875] EXT4-fs (sda1): re-mounted. Opts: (null)
         Starting Remount Root and Kernel File Systems...
[   11.388528] systemd[1]: Starting Monitoring of LVM2 mirrors, snapshots etc. using dmeventd or progress polling...
         Starting Monitoring of LVM2 mirrors... dmeventd or progress polling...
[   11.509486] systemd[1]: Starting Create list of required static device nodes for the current kernel...
         Starting Create list of required st... nodes for the current kernel...
[   11.644759] systemd[1]: Starting Set console keymap...
         Starting Set console keymap...
[   11.661335] systemd[1]: Created slice system-serial\x2dgetty.slice.
[[0;32m  OK  [0m] Created slice system-serial\x2dgetty.slice.
[   11.745501] systemd[1]: Mounting Huge Pages File System...
         Mounting Huge Pages File System...
[   11.820839] systemd[1]: Reached target Slices.
[[0;32m  OK  [0m] Reached target Slices.
[   11.848292] systemd[1]: Starting Uncomplicated firewall...
         Starting Uncomplicated firewall...
[   11.877646] random: nonblocking pool is initialized
[   11.900053] systemd[1]: Starting Load Kernel Modules...
         Starting Load Kernel Modules...
[   11.907602] systemd[1]: Listening on /dev/initctl Compatibility Named Pipe.
[[0;32m  OK  [0m] Listening on /dev/initctl Compatibility Named Pipe.
[   11.913990] Loading iSCSI transport class v2.0-870.
[   11.914819] systemd[1]: Starting Journal Service...
         Starting Journal Service...
[   11.930294] systemd[1]: Mounted Huge Pages File System.
[[0;32m  OK  [[   11.938349] iscsi: registered transport (tcp)
0m] Mounted Huge Pages File System.
[   11.961555] systemd[1]: Mounted Debug File System.
[[0;32m  OK  [0m] Mounted Debug File System.
[   11.967939] systemd[1]: Mounted POSIX Message Queue File System.
[[0;32m  OK  [0m] Mounted POSIX Message Queue File System.
[   1.989251] systemd[1]: Started Remount Root and Kernel File Systems.
[[0;32m  OK  [0m] Started Remount Root and Kernel File Systems.
[   12.039695] systemd[1]: Started Create list of required static device nodes for the current kernel.
[[0;32m  OK  [0m] Started Create list of required sta...ce nodes for the current kernel.
[   12.055506] iscsi: registered transport (iser)
[   12.056554] systemd[1]: Started Set console keymap.
[[0;32m  OK  [0m] Started Set console keymap.
[   12.090853] systemd[1]: Started Uncomplicated firewall.
[[0;32m  OK  [0m] Started Uncomplicated firewall.
[   12.103404] systemd[1]: Started Load Kernel Modules.
[[0;32m  OK  [0m] Started Load Kernel Modules.
[   12.120039] systemd[1]: Started Nameserver information manager.
[[0;32m  OK  [0m] Started Nameserver information manager.
[   12.139539] systemd[1]: Started Journal Service.
[[0;32m  OK  [0m] Started Journal Service.
[[0;32m  OK  [0m] Started LVM2 metadata daemon.
         Starting Apply Kernel Variables...
         Mounting FUSE Control File System...
         Starting Create Static Device Nodes in /dev...
         Starting Flush Journal to Persistent Storage...
         Starting Load/Save Random Seed...
         Starting udev Coldplug all Devices...
         Starting Initial cloud-init job (pre-networking)...
[[0;32m  OK  [0m] Mounted FUSE Control File System.
[[0;32m  OK  [0m] Started Apply Kernel Variables.
[[0;32m  OK  [0m] Started Create Static Device Nodes in /dev.
[[0;32m  OK  [0m] Started Load/Save Random Seed.
[[0;32m  OK  [0m] Started Flush Journal to Persistent Storage.
[[0;32m  OK  [0m] Started Monitoring of LVM2 mirrors,...ng dmeventd or progress polling.
[[0;32m  OK  [0m] Started udev Coldplug all Devices.
         Starting udev Kernel Device Manager...
[[0;32m  OK  [0m] Started udev Kernel Device Manager.
[[0;32m  OK  [0m] Started Dispatch Password Requests to Console Directory Watch.
[[0;32m  OK  [0m] Reached target Local File Systems (Pre).
[[0;32m  OK  [0m] Reached target Local File Systems.
         Starting LSB: AppArmor initialization...
         Starting Tell Plymouth To Write Out Runtime Data...
         Starting Set console font and keymap...
         Starting Create Volatile Files and Directories...
[[0;32m  OK  [0m] Started Tell Plymouth To Write Out Runtime Data.
[[0;32m  OK  [0m] Started Create Volatile Files and Directories.
[[0;32m  OK  [0m] Reached target System Time Synchronized.
         Starting Update UTMP about System Boot/Shutdown...
[[0;32m  OK  [0m] Started Update UTMP about System Boot/Shutdown.
[[0;32m  OK  [0m] Started LSB: AppArmor initialization.
[[0;32m  OK  [0m] Found device /dev/ttyS0.
[[0;32m  OK  [0m] Listening on Load/Save RF Kill Switch Status /dev/rfkill Watch.
[[0;32m  OK  [0m] Found device 82540EM Gigabit Ethern...r (PRO/1000 MT Desktop Adapter).
[[0;32m  OK  [0m] Found device 82540EM Gigabit Ethern...r (PRO/1000 MT Desktop Adapter).
[   12.165681] cloud-init[449]: Cloud-init v. 0.7.9 running 'init-local' at Tue, 14 Nov 2017 17:02:54 +0000. Up 11.78 seconds.
[[0;32m  OK  [0m] Started Initial cloud-init job (pre-networking).
[[0;32m  OK  [0m] Reached target Network (Pre).
[[0;32m  OK  [0m] Started ifup for enp0s8.
[[0;32m  OK  [0m] Started ifup for enp0s3.
         Starting Raise network interfaces...
[[0;32m  OK  [0m] Started Set console font and keymap.
[[0;32m  OK  [0m] Created slice system-getty.slice.
[[0;32m  OK  [0m] Started Raise network interfaces.
         Starting Initial cloud-init job (metadata service crawler)...
[[0;32m  OK  [0m] Reached target Network.
[   15.426080] cloud-init[1050]: Cloud-init v. 0.7.9 running 'init' at Tue, 14 Nov 2017 17:02:57 +0000. Up 15.02 seconds.
[   15.430501] cloud-init[1050]: ci-info: ++++++++++++++++++++++++++++++++++++++Net device info++++++++++++++++++++++++++++++++++++++
[   15.464679] cloud-init[1050]: ci-info: +--------+------+-----------------------------+---------------+-------+-------------------+
[[0;32m  OK  [0m] Started Initial cloud-init job (metadata service crawler).
[   15.604505] cloud-init[1050]: ci-info: | Device |  Up  |           Address           |      Mask     | Scope |     Hw-Address    |
[   15.785941] cloud-init[1050]: ci-info: +--------+------+-----------------------------+---------------+-------+-------------------+
[   15.837289] cloud-init[1050]: ci-info: |   lo   | True |          127.0.0.1          |   255.0.0.0   |   .   |         .         |
[[0;32m  OK  [0m] Reached target Network is Online.
[   15.863529] cloud-init[1050]: ci-info: |   lo   | True |           ::1/128           |       .       |  host |         .         |
         Starting iSCSI initiator daemon (iscsid)...
[[0;32m  OK  [0m] Reached target System Initialization.
[   15.976571] cloud-init[1050]: ci-info: | enp0s3 | True |          10.0.2.15          | 255.255.255.0 |   .   | 02:38:d9:e9:00:d8 |
[[0;32m  OK  [0m] Listening on ACPID Listen Socket.
[   16.172676] [cloud-init[0;32m  OK  [0m[1050]: ] ci-info: | enp0s3 | True |   fe80::38:d9ff:fee9:d8/64  |       .       |  link | 02:38:d9:e9:00:d8 |Started Daily Cleanup of Temporary Directories.

[   16.219319] cloud-init[1050]: ci-info: | enp0s8 | True |        192.168.10.10        | 255.255.255.0 |   .   | 08:00:27:90:1b:5b |
[   16.489950] [cloud-init[0;32m  OK  [0m[1050]: ] ci-info: | enp0s8 | True | fe80::a00:27ff:fe90:1b5b/64 |       .       |  link | 08:00:27:90:1b:5b |Started Daily apt download activities.

[   16.492238] [[0;32m  OK  [0m] Started Timer to automatically refresh installed snaps.
cloud-init[1050]: ci-info: +--------+------+-----------------------------+---------------+-------+-------------------+
[   16.703074]          Starting LXD - unix socket.
         Starting Socket activation for snappy daemon.
cloud-init[1050]: ci-info: ++++++++++++++++++++++++++++Route IPv4 info++++++++++++++++++++++++++++
[   16.720158] [cloud-init[0;32m  OK  [0m[1050]: ] ci-info: +-------+--------------+----------+---------------+-----------+-------+Started Daily apt upgrade and clean activities.

[[0;32m  OK  [0m] Started Timer to automatically fetch and run repair assertions.
[   16.735882] [cloud-init[0;32m  OK  [0m[1050]: ] ci-info: | Route | Destination  | Gateway  |    Genmask    | Interface | Flags |Reached target Timers.

[   16.778409] [[0;32m  OK  [0m] Listening on UUID daemon activation socket.
cloud-init[1050]: ci-info: +-------+--------------+----------+---------------+-----------+-------+
[   16.786966] [[0;32m  OK  [0m] Started ACPI Events Check.
[[0;32m  OK  [0m] Reached target Paths.
cloud-init[1050]: ci-info: |   0   |   0.0.0.0    | 10.0.2.2 |    0.0.0.0    |   enp0s3  |   UG  |
[[0;32m  OK  [0m] Listening on D-Bus System Message Bus Socket.
[   16.819808] cloud-init[1050]: ci-info: |   1   |   10.0.2.0   | 0.0.0.0  | 255.255.255.0 |   enp0s3  |   U   |
[   16.844739] [[0;32m  OK  [0m] Reached target Cloud-config availability.
cloud-init[1050]: ci-info: |   2   | 192.168.10.0 | 0.0.0.0  | 255.255.255.0 |   enp0s8  |   U   |
[[0;32m  OK  [0m] Listening on LXD - unix socket.
[[0;32m  OK  [0m] Listening on Socket activation for snappy daemon.
[   16.875701] cloud-init[1050]: ci-info: +-------+--------------+----------+---------------+-----------+-------+
[[0;32m  OK  [0m] Started iSCSI initiator daemon (iscsid).
         Starting Login to default iSCSI targets...
[[0;32m  OK  [0m] Reached target Sockets.
[[0;32m  OK  [0m] Reached target Basic System.
         Starting /etc/rc.local Compatibility...
         Starting Login Service...
[[0;32m  OK  [0m] Started Regular background program processing daemon.
[[0;32m  OK  [0m] Started D-Bus System Message Bus.
         Starting System Logging Service...
[[0;32m  OK  [0m] Started FUSE filesystem for LXC.
         Starting MySQL Community Server...
         Starting Accounts Service...
         Starting Apply the settings specified in cloud-config...
         Starting LSB: MD monitoring daemon...
         Starting Snappy daemon...
         Starting OpenBSD Secure Shell server...
[[0;32m  OK  [0m] Started Unattended Upgrades Shutdown.
         Starting LSB: Record successful boot for GRUB...
[[0;32m  OK  [0m] Started ACPI event daemon.
[[0;32m  OK  [0m] Started Deferred execution scheduler.
         Starting LXD - container startup/shutdown...
[[0;32m  OK  [0m] Started System Logging Service.
[[0;32m  OK  [0m] Started OpenBSD Secure Shell server.
[[0;32m  OK  [0m] Started /etc/rc.local Compatibility.
[[0;32m  OK  [0m] Started Snappy daemon.
[[0;32m  OK  [0m] Started LXD - container startup/shutdown.
[[0;32m  OK  [0m] Started Login to default iSCSI targets.
[[0;32m  OK  [0m] Started LSB: MD monitoring daemon.
[[0;32m  OK  [0m] Started LSB: Record successful boot for GRUB.
[[0;32m  OK  [0m] Started Login Service.
         Starting Authenticate and Authorize Users to Run Privileged Tasks...
[[0;32m  OK  [0m] Reached target Remote File Systems (Pre).
[[0;32m  OK  [0m] Reached target Remote File Systems.
         Starting LSB: Set the CPU Frequency Scaling governor to "ondemand"...
         Starting LSB: daemon to balance interrupts for SMP systems...
         Starting Permit User Sessions...
         Starting LSB: VirtualBox Linux Additions...
         Starting LSB: automatic crash report generation...
         Starting LSB: Apache2 web server...
         Starting Auto import assertions from block devices...
[[0;32m  OK  [0m] Started Permit User Sessions.
[[0;32m  OK  [0m] Started Authenticate and Authorize Users to Run Privileged Tasks.
[[0;32m  OK  [0m] Started Accounts Service.
[[0;32m  OK  [0m] Started LSB: Set the CPU Frequency Scaling governor to "ondemand".
[[0;32m  OK  [0m] Started Auto import assertions from block devices.
         Starting Hold until boot process finishes up...
         Starting Terminate Plymouth Boot Screen...
[[0;32m  OK  [0m] Started LSB: daemon to balance interrupts for SMP systems.
[[0;32m  OK  [0m] Started LSB: automatic crash report generation.
[[0;32m  OK  [0m] Started Hold until boot process finishes up.
[[0;32m  OK  [0m] Started Terminate Plymouth Boot Screen.
         Starting Set console scheme...
[[0;32m  OK  [0m] Started Getty on tty1.
[[0;32m  OK  [0m] Started Serial Getty on ttyS0.
[[0;32m  OK  [0m] Reached target Login Prompts.
[[0;32m  OK  [0m] Started LSB: VirtualBox Linux Additions.
[[0;32m  OK  [0m] Started Set console scheme.
[[0;32m  OK  [0m] Created slice User Slice of ubuntu.
         Starting User Manager for UID 1000...
[[0;32m  OK  [0m] Started Session 1 of user ubuntu.
[[0;32m  OK  [0m] Started User Manager for UID 1000.
[   19.063786] cloud-init[1136]: Cloud-init v. 0.7.9 running 'modules:config' at Tue, 14 Nov 2017 17:03:01 +0000. Up 18.61 seconds.
[[0;32m  OK  [0m] Started Apply the settings specified in cloud-config.
[[0;32m  OK  [0m] Started MySQL Community Server.
[[0;32m  OK  [0m] Started LSB: Apache2 web server.
[[0;32m  OK  [0m] Reached target Multi-User System.
         Starting Execute cloud user/final scripts...
[[0;32m  OK  [0m] Reached target Graphical Interface.
         Starting Update UTMP about System Runlevel Changes...
[[0;32m  OK  [0m] Started Update UTMP about System Runlevel Changes.
[   20.588190] cloud-init[1433]: Cloud-init v. 0.7.9 running 'modules:final' at Tue, 14 Nov 2017 17:03:03 +0000. Up 20.37 seconds.
[   20.594146] cloud-init[1433]: Cloud-init v. 0.7.9 finished at Tue, 14 Nov 2017 17:03:03 +0000. Datasource DataSourceNoCloud [seed=/dev/sdb][dsmode=net].  Up 20.58 seconds
[[0;32m  OK  [0m] Started Execute cloud user/final scripts.
[[0;32m  OK  [0m] Reached target Cloud-init target.

Ubuntu 16.04.3 LTS ubuntu-xenial ttyS0

ubuntu-xenial login: 